<?xml version="1.0" encoding="UTF-8"?>
<!-- Generated by org.testng.reporters.JUnitReportReporter -->
<testsuite hostname="LAPTOP-OUQEE9AC" failures="0" tests="5" name="HomeLoan.Loans" time="10.261" errors="0" timestamp="2025-03-16T17:09:07 IST" skipped="0">
  <testcase classname="HomeLoan.Loans" name="dashBoard" time="1.907"/>
  <testcase classname="HomeLoan.Loans" name="AmountFixer" time="0.817"/>
  <testcase classname="HomeLoan.Loans" name="AmountFixer" time="5.554"/>
  <testcase classname="HomeLoan.Loans" name="windows_handle" time="1.198"/>
  <testcase classname="HomeLoan.Loans" name="Details" time="0.785"/>
</testsuite> <!-- HomeLoan.Loans -->
