<?xml version="1.0" encoding="UTF-8"?>
<!-- Generated by org.testng.reporters.JUnitReportReporter -->
<testsuite hostname="LAPTOP-OUQEE9AC" failures="0" tests="1" name="HomeLoan.PersonalLoan" time="1.528" errors="0" timestamp="2025-03-16T17:09:07 IST" skipped="0">
  <testcase classname="HomeLoan.PersonalLoan" name="ClickAction" time="1.528"/>
</testsuite> <!-- HomeLoan.PersonalLoan -->
