<?xml version="1.0" encoding="UTF-8"?>
<!-- Generated by org.testng.reporters.JUnitReportReporter -->
<testsuite hostname="LAPTOP-OUQEE9AC" failures="0" tests="5" name="HomeLoan.Loans" time="8.845" errors="0" timestamp="2025-03-14T21:44:19 IST" skipped="0">
  <testcase classname="HomeLoan.Loans" name="dashBoard" time="1.081"/>
  <testcase classname="HomeLoan.Loans" name="AmountFixer" time="0.890"/>
  <testcase classname="HomeLoan.Loans" name="AmountFixer" time="5.643"/>
  <testcase classname="HomeLoan.Loans" name="windows_handle" time="0.401"/>
  <testcase classname="HomeLoan.Loans" name="Details" time="0.830"/>
</testsuite> <!-- HomeLoan.Loans -->
